
// ==========================================================================
//  GPLEX error listing for lex source file <SimpleLex.lex>
// ==========================================================================
//  Version:  1.2.0
//  Machine:  DESKTOP-MKGLCBM
//  DateTime: 22.11.2019 1:17:46
//  UserName: nevez
// ==========================================================================


%using ScannerHelper;
%namespace SimpleScanner

Alpha 	[a-zA-Z_]
Digit   [0-9] 
AlphaDigit {Alpha}|{Digit}
INTNUM  {Digit}+
REALNUM {INTNUM}\.{INTNUM}
ID {Alpha}{AlphaDigit}* 
DotChr [^\r\n]
OneLineCmnt  \/\/{DotChr}*

// Çäåñü ìîæíî äåëàòü îïèñàíèÿ òèïîâ, ïåðåìåííûõ è ìåòîäîâ - îíè ïîïàäàþò â êëàññ Scanner
%{
  public int LexValueInt;
  public double LexValueDouble;
%}

%%
{OneLineCmnt} {
  return (int)Tok.COMMENT;
}

{LONGCOMMENT} {
//^^^^^^^^^^
// Error: Unknown lexical category <LONGCOMMENT> 
// ----------------------------------------------
  return (int)Tok.LONGCOMMENT;
}

{INTNUM} { 
  LexValueInt = int.Parse(yytext);
  return (int)Tok.INUM;
}

{REALNUM} { 
  LexValueDouble = double.Parse(yytext);
  return (int)Tok.RNUM;
}

begin { 
  return (int)Tok.BEGIN;
}

end { 
  return (int)Tok.END;
}

cycle { 
  return (int)Tok.CYCLE;
}

{ID}  { 
  return (int)Tok.ID;
}

":" { 
  return (int)Tok.COLON;
}

":=" { 
  return (int)Tok.ASSIGN;
}

";" { 
  return (int)Tok.SEMICOLON;
}

[^ \r\n] {
	LexError();
	return 0; // êîíåö ðàçáîðà
}

%%

// Çäåñü ìîæíî äåëàòü îïèñàíèÿ ïåðåìåííûõ è ìåòîäîâ - îíè òîæå ïîïàäàþò â êëàññ Scanner

public void LexError()
{
	Console.WriteLine("({0},{1}): Íåèçâåñòíûé ñèìâîë {2}", yyline, yycol, yytext);
}

public string TokToString(Tok tok)
{
	switch (tok)
	{
		case Tok.ID:
			return tok + " " + yytext;
		case Tok.INUM:
			return tok + " " + LexValueInt;
		case Tok.RNUM:
			return tok + " " + LexValueDouble;
		default:
			return tok + "";
	}
}

// ==========================================================================

