
// ==========================================================================
//  GPPG error listing for yacc source file <SimpleYacc.y - 22.11.2019 20:58:12>
// ==========================================================================
//  Version:  1.5.0
//  Machine:  MIL8A-202A-01
//  DateTime: 22.11.2019 20:58:15
//  UserName: user
// ==========================================================================


%{
// Ýòè îáúÿâëåíèÿ äîáàâëÿþòñÿ â êëàññ GPPGParser, ïðåäñòàâëÿþùèé ñîáîé ïàðñåð, ãåíåðèðóåìûé ñèñòåìîé gppg
    public Parser(AbstractScanner<int, LexLocation> scanner) : base(scanner) { }
%}

%output = SimpleYacc.cs

%namespace SimpleParser

%token BEGIN END CYCLE INUM RNUM ID ASSIGN SEMICOLON FOR TO DO THEN ELSE

%%
// Error: NonTerminal symbol "IF" has no productions
// Warning: Terminating IF fixes the following size-2 NonTerminal set
   // {if, IF}
// Error: There are 2 non-terminating NonTerminal Symbols
   //  {if, IF}
// ------------------------------------------------------------------

progr   : block
		;

stlist	: statement 
		| stlist SEMICOLON statement 
		;

statement: assign
		| block  
		| cycle  
		| for
		| if
		;

ident 	: ID 
		;
	
assign 	: ident ASSIGN expr 
		;

expr	: ident  
		| INUM 
		;

block	: BEGIN stlist END 
		;

cycle	: CYCLE expr statement 
		;

for		: FOR assign TO expr DO statement
		;

if		: IF expr THEN statement ELSE statement
		;
	
%%
// ==========================================================================

